androidPageCurlActivity/build/outputs/logs/manifest-merger-debug-report.txt
-- Merging decision tree log ---
manifest
ADDED from src\main\AndroidManifest.xml:2:1-18:12
INJECTED from src\main\AndroidManifest.xml:2:1-18:12
INJECTED from src\main\AndroidManifest.xml:2:1-18:12
INJECTED from src\main\AndroidManifest.xml:2:1-18:12
INJECTED from src\main\AndroidManifest.xml:2:1-18:12
INJECTED from src\main\AndroidManifest.xml:2:1-18:12
INJECTED from src\main\AndroidManifest.xml:2:1-18:12
	package
		ADDED from src\main\AndroidManifest.xml:3:7-45
		INJECTED from src\main\AndroidManifest.xml
		INJECTED from src\main\AndroidManifest.xml
	android:versionName
		ADDED from src\main\AndroidManifest.xml:4:7-32
		INJECTED from src\main\AndroidManifest.xml
		INJECTED from src\main\AndroidManifest.xml
	xmlns:android
		ADDED from src\main\AndroidManifest.xml:2:11-69
	android:versionCode
		ADDED from src\main\AndroidManifest.xml:4:33-56
		INJECTED from src\main\AndroidManifest.xml
		INJECTED from src\main\AndroidManifest.xml
uses-sdk
ADDED from src\main\AndroidManifest.xml:5:5-71
INJECTED from src\main\AndroidManifest.xml:5:5-71
INJECTED from src\main\AndroidManifest.xml:5:5-71
INJECTED from src\main\AndroidManifest.xml:5:5-71
INJECTED from src\main\AndroidManifest.xml:5:5-71
	android:targetSdkVersion
		ADDED from src\main\AndroidManifest.xml:5:41-69
		INJECTED from src\main\AndroidManifest.xml
		INJECTED from src\main\AndroidManifest.xml
	android:minSdkVersion
		ADDED from src\main\AndroidManifest.xml:5:15-40
		INJECTED from src\main\AndroidManifest.xml
		INJECTED from src\main\AndroidManifest.xml
application
ADDED from src\main\AndroidManifest.xml:7:5-17:19
	android:label
		ADDED from src\main\AndroidManifest.xml:7:48-80
	android:icon
		ADDED from src\main\AndroidManifest.xml:7:18-47
activity#com.mystictreegames.pagecurl.AndroidPageCurlActivity
ADDED from src\main\AndroidManifest.xml:8:9-13:20
	android:screenOrientation
		ADDED from src\main\AndroidManifest.xml:8:86-120
	android:label
		ADDED from src\main\AndroidManifest.xml:8:19-51
	android:excludeFromRecents
		ADDED from src\main\AndroidManifest.xml:8:52-85
	android:name
		ADDED from src\main\AndroidManifest.xml:8:121-159
intent-filter#action:name:android.intent.action.MAIN+category:name:android.intent.category.LAUNCHER
ADDED from src\main\AndroidManifest.xml:9:13-12:29
action#android.intent.action.MAIN
ADDED from src\main\AndroidManifest.xml:10:17-69
	android:name
		ADDED from src\main\AndroidManifest.xml:10:25-66
category#android.intent.category.LAUNCHER
ADDED from src\main\AndroidManifest.xml:11:17-77
	android:name
		ADDED from src\main\AndroidManifest.xml:11:27-74
activity#com.mystictreegames.pagecurl.ListExample
ADDED from src\main\AndroidManifest.xml:14:9-131
	android:screenOrientation
		ADDED from src\main\AndroidManifest.xml:14:46-82
	android:label
		ADDED from src\main\AndroidManifest.xml:14:83-119
	android:name
		ADDED from src\main\AndroidManifest.xml:14:19-45
activity#com.mystictreegames.pagecurl.StandaloneExample
ADDED from src\main\AndroidManifest.xml:15:9-143
	android:screenOrientation
		ADDED from src\main\AndroidManifest.xml:15:19-55
	android:label
		ADDED from src\main\AndroidManifest.xml:15:56-98
	android:name
		ADDED from src\main\AndroidManifest.xml:15:99-131